SF:lib/features/schedule/domain/models/schedule_model.dart
DA:25,1
DA:26,1
LF:2
LH:2
end_of_record
SF:lib/features/schedule/domain/models/schedule_model.g.dart
DA:9,1
DA:10,1
DA:11,1
DA:12,1
DA:13,1
DA:15,2
DA:18,1
DA:19,1
DA:21,1
DA:23,1
DA:27,2
DA:28,2
DA:29,3
LF:13
LH:13
end_of_record
SF:lib/features/auth/data/datasource/auth_data_source.dart
DA:18,0
DA:20,0
DA:24,0
DA:30,0
DA:31,0
DA:34,0
DA:40,0
DA:44,0
DA:51,0
DA:52,0
DA:53,0
DA:54,0
DA:56,0
DA:60,0
DA:61,0
DA:64,0
DA:70,0
DA:74,0
DA:78,0
DA:81,0
DA:82,0
DA:89,0
DA:90,0
DA:94,0
LF:24
LH:0
end_of_record
SF:lib/shared/exception/http_exception.dart
DA:11,1
DA:17,3
DA:21,1
DA:23,4
DA:28,0
DA:31,0
DA:34,0
DA:37,0
DA:38,0
DA:44,0
LF:10
LH:4
end_of_record
SF:lib/shared/domain/models/response.dart
DA:9,0
DA:11,0
DA:13,0
DA:18,0
LF:4
LH:0
end_of_record
